{
  "RSpec": {
    "coverage": {
      "/Users/artemis/turing/4module/assessments/temp-mid-mod/app/controllers/api/v1/links_controller.rb": [
        1,
        null,
        1,
        11,
        null,
        null,
        11,
        4,
        null,
        7,
        null,
        null,
        null,
        1,
        0,
        0,
        0,
        0,
        0,
        0,
        null,
        0,
        null,
        null,
        null,
        1,
        13,
        13,
        13,
        null,
        0,
        null,
        null,
        null,
        1,
        null,
        1,
        22,
        null,
        null
      ],
      "/Users/artemis/turing/4module/assessments/temp-mid-mod/app/controllers/application_controller.rb": [
        1,
        null,
        null,
        1,
        null,
        1,
        1,
        null,
        1,
        86,
        null,
        null,
        1,
        null,
        1,
        61,
        20,
        null,
        null,
        null
      ],
      "/Users/artemis/turing/4module/assessments/temp-mid-mod/app/models/link.rb": [
        1,
        1,
        1,
        1,
        null,
        1,
        null,
        1,
        null,
        null,
        null,
        null,
        16,
        null,
        null,
        1,
        1,
        null,
        null
      ],
      "/Users/artemis/turing/4module/assessments/temp-mid-mod/app/models/application_record.rb": [
        1,
        1,
        null
      ],
      "/Users/artemis/turing/4module/assessments/temp-mid-mod/app/models/read.rb": [
        1,
        1,
        null
      ],
      "/Users/artemis/turing/4module/assessments/temp-mid-mod/app/models/user.rb": [
        1,
        1,
        1,
        null,
        1,
        null,
        1,
        null
      ],
      "/Users/artemis/turing/4module/assessments/temp-mid-mod/app/controllers/links_controller.rb": [
        1,
        1,
        16,
        null,
        null
      ],
      "/Users/artemis/turing/4module/assessments/temp-mid-mod/app/controllers/sessions_controller.rb": [
        1,
        1,
        null,
        1,
        null,
        null,
        1,
        10,
        10,
        8,
        8,
        null,
        2,
        2,
        null,
        null,
        null,
        1,
        1,
        1,
        null,
        null
      ],
      "/Users/artemis/turing/4module/assessments/temp-mid-mod/app/controllers/users_controller.rb": [
        1,
        1,
        null,
        1,
        6,
        null,
        null,
        1,
        3,
        3,
        1,
        1,
        null,
        2,
        2,
        null,
        null,
        null,
        1,
        null,
        1,
        3,
        null,
        null
      ],
      "/Users/artemis/turing/4module/assessments/temp-mid-mod/app/helpers/application_helper.rb": [
        0,
        0
      ]
    },
    "timestamp": 1484008435
  }
}
