{
  "RSpec": {
    "coverage": {
      "/Users/artemis/turing/4module/assessments/temp-mid-mod/app/controllers/api/v1/links_controller.rb": [
        1,
        null,
        1,
        7,
        null,
        null,
        7,
        3,
        null,
        4,
        null,
        null,
        null,
        1,
        0,
        0,
        0,
        0,
        0,
        0,
        null,
        0,
        null,
        null,
        null,
        1,
        1,
        1,
        1,
        null,
        0,
        null,
        null,
        null,
        1,
        null,
        1,
        14,
        null,
        null
      ],
      "/Users/artemis/turing/4module/assessments/temp-mid-mod/app/controllers/application_controller.rb": [
        1,
        null,
        null,
        1,
        null,
        1,
        1,
        null,
        1,
        8,
        null,
        null,
        1,
        null,
        1,
        8,
        0,
        null,
        null,
        null
      ],
      "/Users/artemis/turing/4module/assessments/temp-mid-mod/app/models/user.rb": [
        1,
        1,
        1,
        null,
        1,
        null,
        1,
        null
      ],
      "/Users/artemis/turing/4module/assessments/temp-mid-mod/app/models/application_record.rb": [
        1,
        1,
        null
      ],
      "/Users/artemis/turing/4module/assessments/temp-mid-mod/app/models/link.rb": [
        1,
        1,
        1,
        1,
        null,
        1,
        null,
        1,
        null,
        null,
        null,
        null,
        0,
        null,
        null,
        1,
        0,
        null,
        null
      ],
      "/Users/artemis/turing/4module/assessments/temp-mid-mod/app/controllers/links_controller.rb": [
        0,
        0,
        0,
        0,
        0
      ],
      "/Users/artemis/turing/4module/assessments/temp-mid-mod/app/controllers/sessions_controller.rb": [
        0,
        0,
        0,
        0,
        0,
        0,
        0,
        0,
        0,
        0,
        0,
        0,
        0,
        0,
        0,
        0,
        0,
        0,
        0,
        0,
        0,
        0
      ],
      "/Users/artemis/turing/4module/assessments/temp-mid-mod/app/controllers/users_controller.rb": [
        0,
        0,
        0,
        0,
        0,
        0,
        0,
        0,
        0,
        0,
        0,
        0,
        0,
        0,
        0,
        0,
        0,
        0,
        0,
        0,
        0,
        0,
        0,
        0
      ],
      "/Users/artemis/turing/4module/assessments/temp-mid-mod/app/helpers/application_helper.rb": [
        0,
        0
      ],
      "/Users/artemis/turing/4module/assessments/temp-mid-mod/app/models/read.rb": [
        0,
        0,
        0
      ]
    },
    "timestamp": 1483999889
  }
}
